<?xml version="1.0" encoding="UTF-8"?>
<!-- Generated by org.testng.reporters.JUnitReportReporter -->
<testsuite skipped="0" hostname="RAESHMA" name="demoTestng.Demo" tests="1" failures="0" timestamp="2021-07-22T15:59:54 IST" time="0.015" errors="0">
  <testcase name="tc" time="0.015" classname="demoTestng.Demo"/>
  <system-out/>
</testsuite> <!-- demoTestng.Demo -->
