<?xml version="1.0" encoding="UTF-8"?>
<!-- Generated by org.testng.reporters.JUnitReportReporter -->
<testsuite skipped="0" hostname="RAESHMA" name="demoTestng.DemoParall2" tests="1" failures="0" timestamp="2021-07-23T17:17:06 IST" time="26.980" errors="0">
  <testcase name="tc2" time="26.980" classname="demoTestng.DemoParall2"/>
  <system-out/>
</testsuite> <!-- demoTestng.DemoParall2 -->
