<?xml version="1.0" encoding="UTF-8"?>
<!-- Generated by org.testng.reporters.JUnitReportReporter -->
<testsuite skipped="0" hostname="RAESHMA" name="demoTestng.ReadDataP" tests="5" failures="0" timestamp="2021-07-23T18:03:43 IST" time="225.527" errors="0">
  <testcase name="tc" time="60.084" classname="demoTestng.ReadDataP"/>
  <system-out/>
  <testcase name="tc" time="26.319" classname="demoTestng.ReadDataP"/>
  <system-out/>
  <testcase name="tc" time="49.633" classname="demoTestng.ReadDataP"/>
  <system-out/>
  <testcase name="tc" time="35.516" classname="demoTestng.ReadDataP"/>
  <system-out/>
  <testcase name="tc" time="53.975" classname="demoTestng.ReadDataP"/>
  <system-out/>
</testsuite> <!-- demoTestng.ReadDataP -->
