<?xml version="1.0" encoding="UTF-8"?>
<!-- Generated by org.testng.reporters.JUnitReportReporter -->
<testsuite skipped="0" hostname="RAESHMA" name="demoTestng.Ggl2brwsr" tests="2" failures="0" timestamp="2021-07-27T11:26:29 IST" time="107.404" errors="0">
  <testcase name="tc" time="27.895" classname="demoTestng.Ggl2brwsr"/>
  <system-out/>
  <testcase name="tc" time="79.509" classname="demoTestng.Ggl2brwsr"/>
  <system-out/>
</testsuite> <!-- demoTestng.Ggl2brwsr -->
