<?xml version="1.0" encoding="UTF-8"?>
<!-- Generated by org.testng.reporters.JUnitReportReporter -->
<testsuite skipped="0" hostname="RAESHMA" name="demoTestng.Demo_1" tests="2" failures="0" timestamp="2021-07-23T15:16:54 IST" time="0.014" errors="0">
  <testcase name="tc2" time="0.004" classname="demoTestng.Demo_1"/>
  <system-out/>
  <testcase name="tc1" time="0.010" classname="demoTestng.Demo_1"/>
  <system-out/>
</testsuite> <!-- demoTestng.Demo_1 -->
