<?xml version="1.0" encoding="UTF-8"?>
<!-- Generated by org.testng.reporters.JUnitReportReporter -->
<testsuite skipped="0" hostname="RAESHMA" name="demoTestng.DemoParall1" tests="1" failures="0" timestamp="2021-07-23T17:17:06 IST" time="33.319" errors="0">
  <testcase name="tc1" time="33.319" classname="demoTestng.DemoParall1"/>
  <system-out/>
</testsuite> <!-- demoTestng.DemoParall1 -->
