<?xml version="1.0" encoding="UTF-8"?>
<!-- Generated by org.testng.reporters.JUnitReportReporter -->
<testsuite skipped="0" hostname="RAESHMA" name="demoTestng.Demo1" tests="1" failures="0" timestamp="2021-07-21T17:11:16 IST" time="28.681" errors="0">
  <testcase name="tc_01" time="28.681" classname="demoTestng.Demo1"/>
  <system-out/>
</testsuite> <!-- demoTestng.Demo1 -->
