<?xml version="1.0" encoding="UTF-8"?>
<!-- Generated by org.testng.reporters.JUnitReportReporter -->
<testsuite skipped="0" hostname="RAESHMA" name="demoTestng.Demo3" tests="2" failures="0" timestamp="2021-07-21T17:48:12 IST" time="64.968" errors="0">
  <testcase name="tc_02" time="48.478" classname="demoTestng.Demo3"/>
  <system-out/>
  <testcase name="tc_01" time="16.490" classname="demoTestng.Demo3"/>
  <system-out/>
</testsuite> <!-- demoTestng.Demo3 -->
