<?xml version="1.0" encoding="UTF-8"?>
<!-- Generated by org.testng.reporters.JUnitReportReporter -->
<testsuite skipped="0" hostname="RAESHMA" name="demoTestng.Demo2" tests="3" failures="0" timestamp="2021-07-21T17:23:52 IST" time="52.651" errors="0">
  <testcase name="tc_01" time="21.705" classname="demoTestng.Demo2"/>
  <system-out/>
  <testcase name="tc_01" time="15.316" classname="demoTestng.Demo2"/>
  <system-out/>
  <testcase name="tc_01" time="15.630" classname="demoTestng.Demo2"/>
  <system-out/>
</testsuite> <!-- demoTestng.Demo2 -->
