<?xml version="1.0" encoding="UTF-8"?>
<!-- Generated by org.testng.reporters.JUnitReportReporter -->
<testsuite skipped="0" hostname="RAESHMA" name="demoTestng.DataProviderDemo1" tests="3" failures="0" timestamp="2021-07-23T16:14:51 IST" time="0.011" errors="0">
  <testcase name="tc" time="0.002" classname="demoTestng.DataProviderDemo1"/>
  <system-out/>
  <testcase name="tc" time="0.000" classname="demoTestng.DataProviderDemo1"/>
  <system-out/>
  <testcase name="tc" time="0.009" classname="demoTestng.DataProviderDemo1"/>
  <system-out/>
</testsuite> <!-- demoTestng.DataProviderDemo1 -->
