<?xml version="1.0" encoding="UTF-8"?>
<!-- Generated by org.testng.reporters.JUnitReportReporter -->
<testsuite skipped="0" hostname="RAESHMA" name="demoTestng.DemoMP" tests="2" failures="0" timestamp="2021-07-23T17:27:36 IST" time="90.629" errors="0">
  <testcase name="tc1" time="50.608" classname="demoTestng.DemoMP"/>
  <system-out/>
  <testcase name="tc2" time="40.021" classname="demoTestng.DemoMP"/>
  <system-out/>
</testsuite> <!-- demoTestng.DemoMP -->
